<?xml version='1.0' encoding='UTF-8'?>
<testsuite hostname="DESKTOP-N6M500L" name="Test1" tests="11" errors="0" failures="0" skipped="0" time="0.1" timestamp="2023-12-01T09:28:48">
          <properties>
      <property name="awt.toolkit" value="sun.awt.windows.WToolkit"/><property name="java.specification.version" value="11"/><property name="sun.cpu.isalist" value="amd64"/><property name="sun.jnu.encoding" value="Cp1251"/><property name="sun.arch.data.model" value="64"/><property name="java.vendor.url" value="https://adoptium.net/"/><property name="sun.boot.library.path" value="C:\Users\administrator\AppData\Local\Coursier\cache\arc\https\github.com\adoptium\temurin11-binaries\releases\download\jdk-11.0.20.1%252B1\OpenJDK11U-jdk_x64_windows_hotspot_11.0.20.1_1.zip\jdk-11.0.20.1+1\bin"/><property name="sun.java.command" value="xsbt.boot.Boot test"/><property name="jdk.debug" value="release"/><property name="sun.stderr.encoding" value="cp866"/><property name="java.specification.vendor" value="Oracle Corporation"/><property name="java.version.date" value="2023-08-24"/><property name="java.home" value="C:\Users\administrator\AppData\Local\Coursier\cache\arc\https\github.com\adoptium\temurin11-binaries\releases\download\jdk-11.0.20.1%252B1\OpenJDK11U-jdk_x64_windows_hotspot_11.0.20.1_1.zip\jdk-11.0.20.1+1"/><property name="file.separator" value="\"/><property name="java.vm.compressedOopsMode" value="32-bit"/><property name="line.separator" value="
"/><property name="sun.stdout.encoding" value="cp866"/><property name="java.specification.name" value="Java Platform API Specification"/><property name="java.vm.specification.vendor" value="Oracle Corporation"/><property name="user.script" value=""/><property name="sun.management.compiler" value="HotSpot 64-Bit Tiered Compilers"/><property name="java.runtime.version" value="11.0.20.1+1"/><property name="user.name" value="administrator"/><property name="log4j.ignoreTCL" value="true"/><property name="file.encoding" value="UTF-8"/><property name="jnidispatch.path" value="C:\Users\ADMINI~1\AppData\Local\Temp\jna--652229939\jna16258607867221752276.dll"/><property name="java.vendor.version" value="Temurin-11.0.20.1+1"/><property name="jna.loaded" value="true"/><property name="java.io.tmpdir" value="C:\Users\ADMINI~1\AppData\Local\Temp\"/><property name="java.version" value="11.0.20.1"/><property name="java.vm.specification.name" value="Java Virtual Machine Specification"/><property name="java.awt.printerjob" value="sun.awt.windows.WPrinterJob"/><property name="sun.os.patch.level" value=""/><property name="java.library.path" value="C:\Users\administrator\AppData\Local\Coursier\cache\arc\https\github.com\adoptium\temurin11-binaries\releases\download\jdk-11.0.20.1%252B1\OpenJDK11U-jdk_x64_windows_hotspot_11.0.20.1_1.zip\jdk-11.0.20.1+1\bin;C:\Windows\Sun\Java\bin;C:\Windows\system32;C:\Windows;C:\Users\administrator\AppData\Local\Coursier\cache\arc\https\github.com\adoptium\temurin11-binaries\releases\download\jdk-11.0.20.1%252B1\OpenJDK11U-jdk_x64_windows_hotspot_11.0.20.1_1.zip\jdk-11.0.20.1+1\bin;C:\Program Files (x86)\Common Files\Oracle\Java\javapath;C:\Users\administrator\AppData\Local\Programs\Python\Python39\Scripts\;C:\Users\administrator\AppData\Local\Programs\Python\Python39\;C:\Program Files\Python310\Scripts\;C:\Program Files\Python310\;C:\Users\administrator\AppData\Roaming\Python\Python310\Scripts\;C:\Users\administrator\AppData\Roaming\Python\Python310\;C:\Program Files\Python39\Scripts\;C:\Program Files\Python39\;C:\Python38\Scripts\;C:\Python38\;C:\Windows\system32;C:\Windows;C:\Windows\System32\Wbem;C:\Windows\System32\WindowsPowerShell\v1.0\;C:\Windows\System32\OpenSSH\;C:\Program Files\Intel\WiFi\bin\;C:\Program Files\Common Files\Intel\WirelessCommon\;C:\Program Files\dotnet\;C:\Users\administrator\Desktop\Putty\;C:\Program Files (x86)\dotnet\;C:\Program Files\Git\cmd;C:\Users\administrator\AppData\Roaming\nvm;C:\Program Files\nodejs;C:\Program Files\Docker\Docker\resources\bin;C:\Program Files\nodejs\;C:\ProgramData\chocolatey\bin;C:\Users\administrator\AppData\Local\Coursier\cache\arc\https\github.com\adoptium\temurin11-binaries\releases\download\jdk-11.0.20.1%252B1\OpenJDK11U-jdk_x64_windows_hotspot_11.0.20.1_1.zip\jdk-11.0.20.1+1\bin;C:\Program Files (x86)\sbt\bin;C:\Program Files (x86)\scala\bin;C:\Users\administrator\AppData\Local\Microsoft\WindowsApps;C:\Users\administrator\.dotnet\tools;C:\Users\administrator\AppData\Local\Programs\Microsoft VS Code\bin;C:\Program Files\JetBrains\PyCharm Community Edition 2020.2.3\bin;C:\Program Files\Docker\Docker;C:\Program Files (x86)\nvim\bin;C:\Users\administrator\AppData\Roaming\Python\Python310;C:\Program Files (x86)\Nmap;C:\Users\administrator\AppData\Roaming\nvm;C:\Program Files\nodejs;C:\Users\administrator\AppData\Roaming\npm;C:\Users\administrator\AppData\Roaming\cabal\bin;C:\tools\ghc-9.6.1\bin;C:\tools\msys64;C:\Users\administrator\AppData\Local\Coursier\cache\arc\https\github.com\adoptium\temurin11-binaries\releases\download\jdk-11.0.20.1%252B1\OpenJDK11U-jdk_x64_windows_hotspot_11.0.20.1_1.zip\jdk-11.0.20.1+1\bin;C:\Users\administrator\AppData\Local\Coursier\data\bin;;C:\Program Files\JetBrains\IntelliJ IDEA 2023.2.4\bin;;."/><property name="java.vendor" value="Eclipse Adoptium"/><property name="java.specification.maintenance.version" value="2"/><property name="scala.ext.dirs" value="C:\Users\administrator\.sbt\1.0\java9-rt-ext-eclipse_adoptium_11_0_20_1"/><property name="sun.io.unicode.encoding" value="UnicodeLittle"/><property name="sun.desktop" value="windows"/><property name="java.class.path" value="C:\Program Files (x86)\sbt\\bin\sbt-launch.jar"/><property name="java.vm.vendor" value="Eclipse Adoptium"/><property name="user.variant" value=""/><property name="jline.shutdownhook" value="false"/><property name="user.timezone" value="Asia/Yekaterinburg"/><property name="os.name" value="Windows 10"/><property name="java.vm.specification.version" value="11"/><property name="sun.java.launcher" value="SUN_STANDARD"/><property name="user.country" value="RU"/><property name="sun.cpu.endian" value="little"/><property name="user.home" value="C:\Users\administrator"/><property name="user.language" value="ru"/><property name="sbt.ipcsocket.tmpdir" value="C:\Users\ADMINI~1\AppData\Local\Temp\.sbt2671193f\ipcsocket"/><property name="swoval.tmpdir" value="C:\Users\ADMINI~1\AppData\Local\Temp\.sbt2671193f\swoval"/><property name="java.awt.graphicsenv" value="sun.awt.Win32GraphicsEnvironment"/><property name="jline.esc.timeout" value="0"/><property name="path.separator" value=";"/><property name="os.version" value="10.0"/><property name="jna.nosys" value="true"/><property name="java.runtime.name" value="OpenJDK Runtime Environment"/><property name="java.vm.name" value="OpenJDK 64-Bit Server VM"/><property name="java.vendor.url.bug" value="https://github.com/adoptium/adoptium-support/issues"/><property name="user.dir" value="C:\Users\administrator\naumen.scala.course.2023.autumn\homeworks\homework_5"/><property name="os.arch" value="amd64"/><property name="java.vm.info" value="mixed mode"/><property name="java.vm.version" value="11.0.20.1+1"/><property name="java.class.version" value="55.0"/>
    </properties>
          <testcase classname="Test1" name="showCats.veryLittleCat" time="0.047">
                      
                    </testcase><testcase classname="Test1" name="showCats.littleCat" time="0.003">
                      
                    </testcase><testcase classname="Test1" name="showCats.normalCat" time="0.027">
                      
                    </testcase><testcase classname="Test1" name="showCats.bigCat" time="0.005">
                      
                    </testcase><testcase classname="Test1" name="showCats.veryBigCat" time="0.004">
                      
                    </testcase><testcase classname="Test1" name="showBox.emptyBox" time="0.004">
                      
                    </testcase><testcase classname="Test1" name="showBox.catInBox.veryLittleCat" time="0.005">
                      
                    </testcase><testcase classname="Test1" name="showBox.catInBox.littleCat" time="0.001">
                      
                    </testcase><testcase classname="Test1" name="showBox.catInBox.normalCat" time="0.002">
                      
                    </testcase><testcase classname="Test1" name="showBox.catInBox.bigCat" time="0.002">
                      
                    </testcase><testcase classname="Test1" name="showBox.catInBox.veryBigCat" time="0.0">
                      
                    </testcase>
          <system-out><![CDATA[]]></system-out>
          <system-err><![CDATA[]]></system-err>
        </testsuite>