<?xml version='1.0' encoding='UTF-8'?>
<testsuite hostname="macbook-FR9G3YL96M" name="Test5" tests="8" errors="0" failures="0" skipped="0" time="0.042" timestamp="2023-12-01T15:42:16">
          <properties>
      <property name="awt.toolkit" value="sun.lwawt.macosx.LWCToolkit"/><property name="java.specification.version" value="11"/><property name="sun.cpu.isalist" value=""/><property name="sun.jnu.encoding" value="UTF-8"/><property name="sun.arch.data.model" value="64"/><property name="java.vendor.url" value="https://adoptium.net/"/><property name="sun.boot.library.path" value="/Users/d.miroshnik/Library/Caches/Coursier/arc/https/github.com/adoptium/temurin11-binaries/releases/download/jdk-11.0.21%252B9/OpenJDK11U-jdk_x64_mac_hotspot_11.0.21_9.tar.gz/jdk-11.0.21+9/Contents/Home/lib"/><property name="sun.java.command" value="/opt/homebrew/Cellar/sbt/1.9.7/libexec/bin/sbt-launch.jar test"/><property name="jdk.debug" value="release"/><property name="java.specification.vendor" value="Oracle Corporation"/><property name="java.version.date" value="2023-10-17"/><property name="java.home" value="/Users/d.miroshnik/Library/Caches/Coursier/arc/https/github.com/adoptium/temurin11-binaries/releases/download/jdk-11.0.21%252B9/OpenJDK11U-jdk_x64_mac_hotspot_11.0.21_9.tar.gz/jdk-11.0.21+9/Contents/Home"/><property name="file.separator" value="/"/><property name="java.vm.compressedOopsMode" value="Zero based"/><property name="line.separator" value="
"/><property name="java.specification.name" value="Java Platform API Specification"/><property name="java.vm.specification.vendor" value="Oracle Corporation"/><property name="sun.management.compiler" value="HotSpot 64-Bit Tiered Compilers"/><property name="java.runtime.version" value="11.0.21+9"/><property name="user.name" value="d.miroshnik"/><property name="log4j.ignoreTCL" value="true"/><property name="file.encoding" value="UTF-8"/><property name="jnidispatch.path" value="/Users/d.miroshnik/Library/Caches/JNA/temp/jna1814359765517243032.tmp"/><property name="java.vendor.version" value="Temurin-11.0.21+9"/><property name="jna.loaded" value="true"/><property name="java.io.tmpdir" value="/var/folders/n8/3nyy8nn12_3dgp9n38swyc500000gq/T/"/><property name="java.version" value="11.0.21"/><property name="java.vm.specification.name" value="Java Virtual Machine Specification"/><property name="java.awt.printerjob" value="sun.lwawt.macosx.CPrinterJob"/><property name="sun.os.patch.level" value="unknown"/><property name="java.library.path" value="/Users/d.miroshnik/Library/Java/Extensions:/Library/Java/Extensions:/Network/Library/Java/Extensions:/System/Library/Java/Extensions:/usr/lib/java:."/><property name="java.vendor" value="Eclipse Adoptium"/><property name="java.specification.maintenance.version" value="2"/><property name="scala.ext.dirs" value="/Users/d.miroshnik/.sbt/1.0/java9-rt-ext-eclipse_adoptium_11_0_21"/><property name="sun.io.unicode.encoding" value="UnicodeBig"/><property name="socksNonProxyHosts" value="local|*.local|169.254/16|*.169.254/16"/><property name="gopherProxySet" value="false"/><property name="java.class.path" value="/opt/homebrew/Cellar/sbt/1.9.7/libexec/bin/sbt-launch.jar"/><property name="java.vm.vendor" value="Eclipse Adoptium"/><property name="jline.shutdownhook" value="false"/><property name="user.timezone" value="Asia/Yekaterinburg"/><property name="os.name" value="Mac OS X"/><property name="java.vm.specification.version" value="11"/><property name="sun.java.launcher" value="SUN_STANDARD"/><property name="user.country" value="NF"/><property name="http.nonProxyHosts" value="local|*.local|169.254/16|*.169.254/16"/><property name="sun.cpu.endian" value="little"/><property name="user.home" value="/Users/d.miroshnik"/><property name="user.language" value="ru"/><property name="sbt.script" value="/opt/homebrew/Cellar/sbt/1.9.7/libexec/bin/sbt"/><property name="sbt.ipcsocket.tmpdir" value="/var/folders/n8/3nyy8nn12_3dgp9n38swyc500000gq/T/.sbt77dd28a7/ipcsocket"/><property name="swoval.tmpdir" value="/var/folders/n8/3nyy8nn12_3dgp9n38swyc500000gq/T/.sbt77dd28a7/swoval"/><property name="java.awt.graphicsenv" value="sun.awt.CGraphicsEnvironment"/><property name="jline.esc.timeout" value="0"/><property name="ftp.nonProxyHosts" value="local|*.local|169.254/16|*.169.254/16"/><property name="path.separator" value=":"/><property name="os.version" value="13.5.2"/><property name="jna.nosys" value="true"/><property name="java.runtime.name" value="OpenJDK Runtime Environment"/><property name="java.vm.name" value="OpenJDK 64-Bit Server VM"/><property name="jna.platform.library.path" value="/usr/lib:/usr/lib"/><property name="java.vendor.url.bug" value="https://github.com/adoptium/adoptium-support/issues"/><property name="user.dir" value="/Users/d.miroshnik/IdeaProjects/naumen.scala.course.2023.autumn/homeworks/homework_5"/><property name="os.arch" value="x86_64"/><property name="java.vm.info" value="mixed mode"/><property name="java.vm.version" value="11.0.21+9"/><property name="java.class.version" value="55.0"/>
    </properties>
          <testcase classname="Test5" name="leftIdentityLow" time="0.028">
                      
                    </testcase><testcase classname="Test5" name="rightIdentityLow" time="0.0">
                      
                    </testcase><testcase classname="Test5" name="associativityLow" time="0.001">
                      
                    </testcase><testcase classname="Test5" name="usage.simpleUsage" time="0.007">
                      
                    </testcase><testcase classname="Test5" name="usage.errorUsage" time="0.001">
                      
                    </testcase><testcase classname="Test5" name="usage.possibleErrorUsage" time="0.002">
                      
                    </testcase><testcase classname="Test5" name="usage.recoverErrorUsage" time="0.002">
                      
                    </testcase><testcase classname="Test5" name="usage.skippingErrorStopsEvaluation" time="0.001">
                      
                    </testcase>
          <system-out><![CDATA[]]></system-out>
          <system-err><![CDATA[]]></system-err>
        </testsuite>